# project nfd (0.7.0) configured on Mon Oct  5 02:09:02 2020 by
# waf 2.0.19 (abi 20, python 30609f0 on linux)
# using ./waf configure --with-test
#
----------------------------------------
Setting top to
/home/sijia/NFD
----------------------------------------
Setting out to
/home/sijia/NFD/build
----------------------------------------
Checking for 'g++' (C++ compiler)
find program=['g++', 'c++'] paths=['/home/sijia/.local/share/umake/bin', '/usr/local/sbin', '/usr/local/bin', '/usr/sbin', '/usr/bin', '/sbin', '/bin', '/usr/games', '/usr/local/games', '/snap/bin'] var='CXX' -> ['/usr/bin/g++']
['/usr/bin/g++', '-dM', '-E', '-']
out: #define __SSP_STRONG__ 3
#define __DBL_MIN_EXP__ (-1021)
#define __FLT32X_MAX_EXP__ 1024
#define __UINT_LEAST16_MAX__ 0xffff
#define __ATOMIC_ACQUIRE 2
#define __FLT128_MAX_10_EXP__ 4932
#define __FLT_MIN__ 1.17549435082228750796873653722224568e-38F
#define __GCC_IEC_559_COMPLEX 2
#define __UINT_LEAST8_TYPE__ unsigned char
#define __SIZEOF_FLOAT80__ 16
#define __INTMAX_C(c) c ## L
#define __CHAR_BIT__ 8
#define __UINT8_MAX__ 0xff
#define __WINT_MAX__ 0xffffffffU
#define __FLT32_MIN_EXP__ (-125)
#define __ORDER_LITTLE_ENDIAN__ 1234
#define __SIZE_MAX__ 0xffffffffffffffffUL
#define __WCHAR_MAX__ 0x7fffffff
#define __GCC_HAVE_SYNC_COMPARE_AND_SWAP_1 1
#define __GCC_HAVE_SYNC_COMPARE_AND_SWAP_2 1
#define __GCC_HAVE_SYNC_COMPARE_AND_SWAP_4 1
#define __DBL_DENORM_MIN__ ((double)4.94065645841246544176568792868221372e-324L)
#define __GCC_HAVE_SYNC_COMPARE_AND_SWAP_8 1
#define __GCC_ATOMIC_CHAR_LOCK_FREE 2
#define __GCC_IEC_559 2
#define __FLT32X_DECIMAL_DIG__ 17
#define __FLT_EVAL_METHOD__ 0
#define __unix__ 1
#define __FLT64_DECIMAL_DIG__ 17
#define __GCC_ATOMIC_CHAR32_T_LOCK_FREE 2
#define __x86_64 1
#define __UINT_FAST64_MAX__ 0xffffffffffffffffUL
#define __SIG_ATOMIC_TYPE__ int
#define __DBL_MIN_10_EXP__ (-307)
#define __FINITE_MATH_ONLY__ 0
#define __GNUC_PATCHLEVEL__ 0
#define __FLT32_HAS_DENORM__ 1
#define __UINT_FAST8_MAX__ 0xff
#define __has_include(STR) __has_include__(STR)
#define __DEC64_MAX_EXP__ 385
#define __INT8_C(c) c
#define __INT_LEAST8_WIDTH__ 8
#define __UINT_LEAST64_MAX__ 0xffffffffffffffffUL
#define __SHRT_MAX__ 0x7fff
#define __LDBL_MAX__ 1.18973149535723176502126385303097021e+4932L
#define __FLT64X_MAX_10_EXP__ 4932
#define __UINT_LEAST8_MAX__ 0xff
#define __GCC_ATOMIC_BOOL_LOCK_FREE 2
#define __FLT128_DENORM_MIN__ 6.47517511943802511092443895822764655e-4966F128
#define __UINTMAX_TYPE__ long unsigned int
#define __linux 1
#define __DEC32_EPSILON__ 1E-6DF
#define __FLT_EVAL_METHOD_TS_18661_3__ 0
#define __unix 1
#define __UINT32_MAX__ 0xffffffffU
#define __LDBL_MAX_EXP__ 16384
#define __FLT128_MIN_EXP__ (-16381)
#define __WINT_MIN__ 0U
#define __linux__ 1
#define __FLT128_MIN_10_EXP__ (-4931)
#define __INT_LEAST16_WIDTH__ 16
#define __SCHAR_MAX__ 0x7f
#define __FLT128_MANT_DIG__ 113
#define __WCHAR_MIN__ (-__WCHAR_MAX__ - 1)
#define __INT64_C(c) c ## L
#define __DBL_DIG__ 15
#define __GCC_ATOMIC_POINTER_LOCK_FREE 2
#define __FLT64X_MANT_DIG__ 64
#define __SIZEOF_INT__ 4
#define __SIZEOF_POINTER__ 8
#define __USER_LABEL_PREFIX__ 
#define __FLT64X_EPSILON__ 1.08420217248550443400745280086994171e-19F64x
#define __STDC_HOSTED__ 1
#define __LDBL_HAS_INFINITY__ 1
#define __FLT32_DIG__ 6
#define __FLT_EPSILON__ 1.19209289550781250000000000000000000e-7F
#define __SHRT_WIDTH__ 16
#define __LDBL_MIN__ 3.36210314311209350626267781732175260e-4932L
#define __STDC_UTF_16__ 1
#define __DEC32_MAX__ 9.999999E96DF
#define __FLT64X_DENORM_MIN__ 3.64519953188247460252840593361941982e-4951F64x
#define __FLT32X_HAS_INFINITY__ 1
#define __INT32_MAX__ 0x7fffffff
#define __INT_WIDTH__ 32
#define __SIZEOF_LONG__ 8
#define __STDC_IEC_559__ 1
#define __STDC_ISO_10646__ 201706L
#define __UINT16_C(c) c
#define __PTRDIFF_WIDTH__ 64
#define __DECIMAL_DIG__ 21
#define __FLT64_EPSILON__ 2.22044604925031308084726333618164062e-16F64
#define __gnu_linux__ 1
#define __INTMAX_WIDTH__ 64
#define __has_include_next(STR) __has_include_next__(STR)
#define __FLT64X_MIN_10_EXP__ (-4931)
#define __LDBL_HAS_QUIET_NAN__ 1
#define __FLT64_MANT_DIG__ 53
#define __GNUC__ 7
#define __pie__ 2
#define __MMX__ 1
#define __FLT_HAS_DENORM__ 1
#define __SIZEOF_LONG_DOUBLE__ 16
#define __BIGGEST_ALIGNMENT__ 16
#define __FLT64_MAX_10_EXP__ 308
#define __DBL_MAX__ ((double)1.79769313486231570814527423731704357e+308L)
#define __INT_FAST32_MAX__ 0x7fffffffffffffffL
#define __DBL_HAS_INFINITY__ 1
#define __DEC32_MIN_EXP__ (-94)
#define __INTPTR_WIDTH__ 64
#define __FLT32X_HAS_DENORM__ 1
#define __INT_FAST16_TYPE__ long int
#define __LDBL_HAS_DENORM__ 1
#define __FLT128_HAS_INFINITY__ 1
#define __DEC128_MAX__ 9.999999999999999999999999999999999E6144DL
#define __INT_LEAST32_MAX__ 0x7fffffff
#define __DEC32_MIN__ 1E-95DF
#define __DBL_MAX_EXP__ 1024
#define __WCHAR_WIDTH__ 32
#define __FLT32_MAX__ 3.40282346638528859811704183484516925e+38F32
#define __DEC128_EPSILON__ 1E-33DL
#define __SSE2_MATH__ 1
#define __ATOMIC_HLE_RELEASE 131072
#define __PTRDIFF_MAX__ 0x7fffffffffffffffL
#define __amd64 1
#define __STDC_NO_THREADS__ 1
#define __ATOMIC_HLE_ACQUIRE 65536
#define __FLT32_HAS_QUIET_NAN__ 1
#define __LONG_LONG_MAX__ 0x7fffffffffffffffLL
#define __SIZEOF_SIZE_T__ 8
#define __FLT64X_MIN_EXP__ (-16381)
#define __SIZEOF_WINT_T__ 4
#define __LONG_LONG_WIDTH__ 64
#define __FLT32_MAX_EXP__ 128
#define __GCC_HAVE_DWARF2_CFI_ASM 1
#define __GXX_ABI_VERSION 1011
#define __FLT_MIN_EXP__ (-125)
#define __FLT64X_HAS_QUIET_NAN__ 1
#define __INT_FAST64_TYPE__ long int
#define __FLT64_DENORM_MIN__ 4.94065645841246544176568792868221372e-324F64
#define __DBL_MIN__ ((double)2.22507385850720138309023271733240406e-308L)
#define __PIE__ 2
#define __LP64__ 1
#define __FLT32X_EPSILON__ 2.22044604925031308084726333618164062e-16F32x
#define __DECIMAL_BID_FORMAT__ 1
#define __FLT64_MIN_EXP__ (-1021)
#define __FLT64_MIN_10_EXP__ (-307)
#define __FLT64X_DECIMAL_DIG__ 21
#define __DEC128_MIN__ 1E-6143DL
#define __REGISTER_PREFIX__ 
#define __UINT16_MAX__ 0xffff
#define __DBL_HAS_DENORM__ 1
#define __FLT32_MIN__ 1.17549435082228750796873653722224568e-38F32
#define __UINT8_TYPE__ unsigned char
#define __NO_INLINE__ 1
#define __FLT_MANT_DIG__ 24
#define __LDBL_DECIMAL_DIG__ 21
#define __VERSION__ "7.5.0"
#define __UINT64_C(c) c ## UL
#define _STDC_PREDEF_H 1
#define __GCC_ATOMIC_INT_LOCK_FREE 2
#define __FLT128_MAX_EXP__ 16384
#define __FLT32_MANT_DIG__ 24
#define __FLOAT_WORD_ORDER__ __ORDER_LITTLE_ENDIAN__
#define __STDC_IEC_559_COMPLEX__ 1
#define __FLT128_HAS_DENORM__ 1
#define __FLT128_DIG__ 33
#define __SCHAR_WIDTH__ 8
#define __INT32_C(c) c
#define __DEC64_EPSILON__ 1E-15DD
#define __ORDER_PDP_ENDIAN__ 3412
#define __DEC128_MIN_EXP__ (-6142)
#define __FLT32_MAX_10_EXP__ 38
#define __INT_FAST32_TYPE__ long int
#define __UINT_LEAST16_TYPE__ short unsigned int
#define __FLT64X_HAS_INFINITY__ 1
#define unix 1
#define __INT16_MAX__ 0x7fff
#define __SIZE_TYPE__ long unsigned int
#define __UINT64_MAX__ 0xffffffffffffffffUL
#define __FLT64X_DIG__ 18
#define __INT8_TYPE__ signed char
#define __ELF__ 1
#define __GCC_ASM_FLAG_OUTPUTS__ 1
#define __FLT_RADIX__ 2
#define __INT_LEAST16_TYPE__ short int
#define __LDBL_EPSILON__ 1.08420217248550443400745280086994171e-19L
#define __UINTMAX_C(c) c ## UL
#define __SSE_MATH__ 1
#define __k8 1
#define __SIG_ATOMIC_MAX__ 0x7fffffff
#define __GCC_ATOMIC_WCHAR_T_LOCK_FREE 2
#define __SIZEOF_PTRDIFF_T__ 8
#define __FLT32X_MANT_DIG__ 53
#define __x86_64__ 1
#define __FLT32X_MIN_EXP__ (-1021)
#define __DEC32_SUBNORMAL_MIN__ 0.000001E-95DF
#define __INT_FAST16_MAX__ 0x7fffffffffffffffL
#define __FLT64_DIG__ 15
#define __UINT_FAST32_MAX__ 0xffffffffffffffffUL
#define __UINT_LEAST64_TYPE__ long unsigned int
#define __FLT_HAS_QUIET_NAN__ 1
#define __FLT_MAX_10_EXP__ 38
#define __LONG_MAX__ 0x7fffffffffffffffL
#define __FLT64X_HAS_DENORM__ 1
#define __DEC128_SUBNORMAL_MIN__ 0.000000000000000000000000000000001E-6143DL
#define __FLT_HAS_INFINITY__ 1
#define __UINT_FAST16_TYPE__ long unsigned int
#define __DEC64_MAX__ 9.999999999999999E384DD
#define __INT_FAST32_WIDTH__ 64
#define __CHAR16_TYPE__ short unsigned int
#define __PRAGMA_REDEFINE_EXTNAME 1
#define __SIZE_WIDTH__ 64
#define __SEG_FS 1
#define __INT_LEAST16_MAX__ 0x7fff
#define __DEC64_MANT_DIG__ 16
#define __INT64_MAX__ 0x7fffffffffffffffL
#define __UINT_LEAST32_MAX__ 0xffffffffU
#define __SEG_GS 1
#define __FLT32_DENORM_MIN__ 1.40129846432481707092372958328991613e-45F32
#define __GCC_ATOMIC_LONG_LOCK_FREE 2
#define __SIG_ATOMIC_WIDTH__ 32
#define __INT_LEAST64_TYPE__ long int
#define __INT16_TYPE__ short int
#define __INT_LEAST8_TYPE__ signed char
#define __STDC_VERSION__ 201112L
#define __DEC32_MAX_EXP__ 97
#define __INT_FAST8_MAX__ 0x7f
#define __FLT128_MAX__ 1.18973149535723176508575932662800702e+4932F128
#define __INTPTR_MAX__ 0x7fffffffffffffffL
#define linux 1
#define __FLT64_HAS_QUIET_NAN__ 1
#define __FLT32_MIN_10_EXP__ (-37)
#define __SSE2__ 1
#define __FLT32X_DIG__ 15
#define __LDBL_MANT_DIG__ 64
#define __DBL_HAS_QUIET_NAN__ 1
#define __FLT64_HAS_INFINITY__ 1
#define __FLT64X_MAX__ 1.18973149535723176502126385303097021e+4932F64x
#define __SIG_ATOMIC_MIN__ (-__SIG_ATOMIC_MAX__ - 1)
#define __code_model_small__ 1
#define __k8__ 1
#define __INTPTR_TYPE__ long int
#define __UINT16_TYPE__ short unsigned int
#define __WCHAR_TYPE__ int
#define __SIZEOF_FLOAT__ 4
#define __pic__ 2
#define __UINTPTR_MAX__ 0xffffffffffffffffUL
#define __INT_FAST64_WIDTH__ 64
#define __DEC64_MIN_EXP__ (-382)
#define __FLT32_DECIMAL_DIG__ 9
#define __INT_FAST64_MAX__ 0x7fffffffffffffffL
#define __GCC_ATOMIC_TEST_AND_SET_TRUEVAL 1
#define __FLT_DIG__ 6
#define __FLT32_HAS_INFINITY__ 1
#define __FLT64X_MAX_EXP__ 16384
#define __UINT_FAST64_TYPE__ long unsigned int
#define __INT_MAX__ 0x7fffffff
#define __amd64__ 1
#define __INT64_TYPE__ long int
#define __FLT_MAX_EXP__ 128
#define __ORDER_BIG_ENDIAN__ 4321
#define __DBL_MANT_DIG__ 53
#define __SIZEOF_FLOAT128__ 16
#define __INT_LEAST64_MAX__ 0x7fffffffffffffffL
#define __GCC_ATOMIC_CHAR16_T_LOCK_FREE 2
#define __DEC64_MIN__ 1E-383DD
#define __WINT_TYPE__ unsigned int
#define __UINT_LEAST32_TYPE__ unsigned int
#define __SIZEOF_SHORT__ 2
#define __SSE__ 1
#define __LDBL_MIN_EXP__ (-16381)
#define __FLT64_MAX__ 1.79769313486231570814527423731704357e+308F64
#define __WINT_WIDTH__ 32
#define __INT_LEAST8_MAX__ 0x7f
#define __FLT32X_MAX_10_EXP__ 308
#define __SIZEOF_INT128__ 16
#define __LDBL_MAX_10_EXP__ 4932
#define __ATOMIC_RELAXED 0
#define __DBL_EPSILON__ ((double)2.22044604925031308084726333618164062e-16L)
#define __FLT128_MIN__ 3.36210314311209350626267781732175260e-4932F128
#define _LP64 1
#define __UINT8_C(c) c
#define __FLT64_MAX_EXP__ 1024
#define __INT_LEAST32_TYPE__ int
#define __SIZEOF_WCHAR_T__ 4
#define __UINT64_TYPE__ long unsigned int
#define __FLT128_HAS_QUIET_NAN__ 1
#define __INT_FAST8_TYPE__ signed char
#define __FLT64X_MIN__ 3.36210314311209350626267781732175260e-4932F64x
#define __GNUC_STDC_INLINE__ 1
#define __FLT64_HAS_DENORM__ 1
#define __FLT32_EPSILON__ 1.19209289550781250000000000000000000e-7F32
#define __DBL_DECIMAL_DIG__ 17
#define __STDC_UTF_32__ 1
#define __INT_FAST8_WIDTH__ 8
#define __FXSR__ 1
#define __DEC_EVAL_METHOD__ 2
#define __FLT32X_MAX__ 1.79769313486231570814527423731704357e+308F32x
#define __UINT32_C(c) c ## U
#define __INTMAX_MAX__ 0x7fffffffffffffffL
#define __BYTE_ORDER__ __ORDER_LITTLE_ENDIAN__
#define __FLT_DENORM_MIN__ 1.40129846432481707092372958328991613e-45F
#define __INT8_MAX__ 0x7f
#define __LONG_WIDTH__ 64
#define __PIC__ 2
#define __UINT_FAST32_TYPE__ long unsigned int
#define __CHAR32_TYPE__ unsigned int
#define __FLT_MAX__ 3.40282346638528859811704183484516925e+38F
#define __INT32_TYPE__ int
#define __SIZEOF_DOUBLE__ 8
#define __FLT_MIN_10_EXP__ (-37)
#define __FLT64_MIN__ 2.22507385850720138309023271733240406e-308F64
#define __INT_LEAST32_WIDTH__ 32
#define __INTMAX_TYPE__ long int
#define __DEC128_MAX_EXP__ 6145
#define __FLT32X_HAS_QUIET_NAN__ 1
#define __ATOMIC_CONSUME 1
#define __GNUC_MINOR__ 5
#define __INT_FAST16_WIDTH__ 64
#define __UINTMAX_MAX__ 0xffffffffffffffffUL
#define __DEC32_MANT_DIG__ 7
#define __FLT32X_DENORM_MIN__ 4.94065645841246544176568792868221372e-324F32x
#define __DBL_MAX_10_EXP__ 308
#define __LDBL_DENORM_MIN__ 3.64519953188247460252840593361941982e-4951L
#define __INT16_C(c) c
#define __STDC__ 1
#define __PTRDIFF_TYPE__ long int
#define __ATOMIC_SEQ_CST 5
#define __UINT32_TYPE__ unsigned int
#define __FLT32X_MIN_10_EXP__ (-307)
#define __UINTPTR_TYPE__ long unsigned int
#define __DEC64_SUBNORMAL_MIN__ 0.000000000000001E-383DD
#define __DEC128_MANT_DIG__ 34
#define __LDBL_MIN_10_EXP__ (-4931)
#define __FLT128_EPSILON__ 1.92592994438723585305597794258492732e-34F128
#define __SIZEOF_LONG_LONG__ 8
#define __FLT128_DECIMAL_DIG__ 36
#define __GCC_ATOMIC_LLONG_LOCK_FREE 2
#define __FLT32X_MIN__ 2.22507385850720138309023271733240406e-308F32x
#define __LDBL_DIG__ 18
#define __FLT_DECIMAL_DIG__ 9
#define __UINT_FAST16_MAX__ 0xffffffffffffffffUL
#define __GCC_ATOMIC_SHORT_LOCK_FREE 2
#define __INT_LEAST64_WIDTH__ 64
#define __UINT_FAST8_TYPE__ unsigned char
#define __ATOMIC_ACQ_REL 4
#define __ATOMIC_RELEASE 3

find program=['ar'] paths=['/home/sijia/.local/share/umake/bin', '/usr/local/sbin', '/usr/local/bin', '/usr/sbin', '/usr/bin', '/sbin', '/bin', '/usr/games', '/usr/local/games', '/snap/bin'] var='AR' -> ['/usr/bin/ar']
/usr/bin/g++
----------------------------------------
Checking C++ compiler version
7.5.0
----------------------------------------
Checking supported CXXFLAGS
==>

int main(int argc, char **argv) {
	(void)argc; (void)argv;
	return 0;
}

<==
[1/2] Compiling [32mbuild/.conf_check_b05007d3df9d188b6fab13c9a2c3e3c9/test.cpp[0m

['/usr/bin/g++', '-Werror', '-std=c++14', '../test.cpp', '-c', '-o/home/sijia/NFD/build/.conf_check_b05007d3df9d188b6fab13c9a2c3e3c9/testbuild/test.cpp.1.o']
[2/2] Linking [33mbuild/.conf_check_b05007d3df9d188b6fab13c9a2c3e3c9/testbuild/testprog[0m

['/usr/bin/g++', 'test.cpp.1.o', '-o/home/sijia/NFD/build/.conf_check_b05007d3df9d188b6fab13c9a2c3e3c9/testbuild/testprog', '-Wl,-Bstatic', '-Wl,-Bdynamic']
-std=c++14
----------------------------------------
Checking supported LINKFLAGS
==>

int main(int argc, char **argv) {
	(void)argc; (void)argv;
	return 0;
}

<==
[1/2] Compiling [32mbuild/.conf_check_c1c2f858bcd91d687c4c098f6657a30e/test.cpp[0m

['/usr/bin/g++', '-std=c++14', '../test.cpp', '-c', '-o/home/sijia/NFD/build/.conf_check_c1c2f858bcd91d687c4c098f6657a30e/testbuild/test.cpp.1.o']
[2/2] Linking [33mbuild/.conf_check_c1c2f858bcd91d687c4c098f6657a30e/testbuild/testprog[0m

['/usr/bin/g++', '-Werror', '-fuse-ld=gold', 'test.cpp.1.o', '-o/home/sijia/NFD/build/.conf_check_c1c2f858bcd91d687c4c098f6657a30e/testbuild/testprog', '-Wl,-Bstatic', '-Wl,-Bdynamic']
-fuse-ld=gold
----------------------------------------
Checking for program 'doxygen'
/usr/bin/doxygen
find program=['doxygen'] paths=['/home/sijia/.local/share/umake/bin', '/usr/local/sbin', '/usr/local/bin', '/usr/sbin', '/usr/bin', '/sbin', '/bin', '/usr/games', '/usr/local/games', '/snap/bin'] var='DOXYGEN' -> ['/usr/bin/doxygen']
----------------------------------------
Checking for program 'tar'
/bin/tar
find program=['tar'] paths=['/home/sijia/.local/share/umake/bin', '/usr/local/sbin', '/usr/local/bin', '/usr/sbin', '/usr/bin', '/sbin', '/bin', '/usr/games', '/usr/local/games', '/snap/bin'] var='TAR' -> ['/bin/tar']
----------------------------------------
Checking for program 'sphinx-build'
/usr/local/bin/sphinx-build
find program=['sphinx-build'] paths=['/home/sijia/.local/share/umake/bin', '/usr/local/sbin', '/usr/local/bin', '/usr/sbin', '/usr/bin', '/sbin', '/bin', '/usr/games', '/usr/local/games', '/snap/bin'] var='SPHINX_BUILD' -> ['/usr/local/bin/sphinx-build']
----------------------------------------
Checking for program 'bash'
/bin/bash
find program=['bash'] paths=['/home/sijia/.local/share/umake/bin', '/usr/local/sbin', '/usr/local/bin', '/usr/sbin', '/usr/bin', '/sbin', '/bin', '/usr/games', '/usr/local/games', '/snap/bin'] var='BASH' -> ['/bin/bash']
----------------------------------------
Checking for program 'pkg-config'
/usr/bin/pkg-config
find program=['pkg-config'] paths=['/home/sijia/.local/share/umake/bin', '/usr/local/sbin', '/usr/local/bin', '/usr/sbin', '/usr/bin', '/sbin', '/bin', '/usr/games', '/usr/local/games', '/snap/bin'] var='PKGCONFIG' -> ['/usr/bin/pkg-config']
----------------------------------------
Checking for 'libndn-cxx'
['/usr/bin/pkg-config', '--cflags', '--libs', 'libndn-cxx']
out: -pthread -DBOOST_STACKTRACE_DYN_LINK -DBOOST_LOG_DYN_LINK -I/usr/local/include -L/usr/local/lib -pthread -lndn-cxx -lboost_system -lboost_program_options -lboost_chrono -lboost_date_time -lboost_filesystem -lboost_thread -lboost_log -lboost_stacktrace_backtrace -lcrypto -lsqlite3 -latomic -lrt -lpthread

yes
----------------------------------------
Checking for 'libsystemd'
['/usr/bin/pkg-config', '--cflags', '--libs', 'libsystemd']
out: -lsystemd

yes
----------------------------------------
Checking for librt library
==>

int main(int argc, char **argv) {
	(void)argc; (void)argv;
	return 0;
}

<==
[1/2] Compiling [32mbuild/.conf_check_71c6e52aa53fb3be010a0c0392b9b43e/test.cpp[0m

['/usr/bin/g++', '-std=c++14', '-DHAVE_NDN_CXX=1', '-DHAVE_SYSTEMD=1', '../test.cpp', '-c', '-o/home/sijia/NFD/build/.conf_check_71c6e52aa53fb3be010a0c0392b9b43e/testbuild/test.cpp.1.o']
[2/2] Linking [33mbuild/.conf_check_71c6e52aa53fb3be010a0c0392b9b43e/testbuild/testprog[0m

['/usr/bin/g++', '-fuse-ld=gold', 'test.cpp.1.o', '-o/home/sijia/NFD/build/.conf_check_71c6e52aa53fb3be010a0c0392b9b43e/testbuild/testprog', '-Wl,-Bstatic', '-Wl,-Bdynamic', '-lrt']
yes
----------------------------------------
Checking for libresolv library
==>

int main(int argc, char **argv) {
	(void)argc; (void)argv;
	return 0;
}

<==
[1/2] Compiling [32mbuild/.conf_check_a37b5ea010890e23183a7a0904c0bdcb/test.cpp[0m

['/usr/bin/g++', '-std=c++14', '-DHAVE_NDN_CXX=1', '-DHAVE_SYSTEMD=1', '-DHAVE_LIBRT=1', '../test.cpp', '-c', '-o/home/sijia/NFD/build/.conf_check_a37b5ea010890e23183a7a0904c0bdcb/testbuild/test.cpp.1.o']
[2/2] Linking [33mbuild/.conf_check_a37b5ea010890e23183a7a0904c0bdcb/testbuild/testprog[0m

['/usr/bin/g++', '-fuse-ld=gold', 'test.cpp.1.o', '-o/home/sijia/NFD/build/.conf_check_a37b5ea010890e23183a7a0904c0bdcb/testbuild/testprog', '-Wl,-Bstatic', '-Wl,-Bdynamic', '-lresolv']
yes
-------------------------------------------------
Checking if privilege drop/elevation is supported
==>

#include <unistd.h>
#include <grp.h>
#include <pwd.h>
int main()
{
  sysconf(_SC_GETGR_R_SIZE_MAX);

  char buffer[100];
  group grp;
  group* grpRes;
  getgrnam_r("nogroup", &grp, buffer, 100, &grpRes);
  passwd pwd;
  passwd* pwdRes;
  getpwnam_r("nobody", &pwd, buffer, 100, &pwdRes);

  int ret = setegid(grp.gr_gid);
  ret = seteuid(pwd.pw_uid);
  (void)(ret);

  getegid();
  geteuid();
}

<==
[1/2] Compiling [32mbuild/.conf_check_3e1f3d32b3b05f48f441bd5067dd4a02/test.cpp[0m

['/usr/bin/g++', '-std=c++14', '-DHAVE_NDN_CXX=1', '-DHAVE_SYSTEMD=1', '-DHAVE_LIBRT=1', '-DHAVE_LIBRESOLV=1', '../test.cpp', '-c', '-o/home/sijia/NFD/build/.conf_check_3e1f3d32b3b05f48f441bd5067dd4a02/testbuild/test.cpp.1.o']
[2/2] Linking [33mbuild/.conf_check_3e1f3d32b3b05f48f441bd5067dd4a02/testbuild/testprog[0m

['/usr/bin/g++', '-fuse-ld=gold', 'test.cpp.1.o', '-o/home/sijia/NFD/build/.conf_check_3e1f3d32b3b05f48f441bd5067dd4a02/testbuild/testprog', '-Wl,-Bstatic', '-Wl,-Bdynamic']
yes
-------------------------------------------------
Checking for header valgrind/valgrind.h
==>
#include <valgrind/valgrind.h>

int main(int argc, char **argv) {
	(void)argc; (void)argv;
	return 0;
}

<==
[1/2] Compiling [32mbuild/.conf_check_4768107e9cd1171bc35b0a8e61ea38ab/test.cpp[0m

['/usr/bin/g++', '-std=c++14', '-DHAVE_NDN_CXX=1', '-DHAVE_SYSTEMD=1', '-DHAVE_LIBRT=1', '-DHAVE_LIBRESOLV=1', '-DHAVE_PRIVILEGE_DROP_AND_ELEVATE=1', '../test.cpp', '-c', '-o/home/sijia/NFD/build/.conf_check_4768107e9cd1171bc35b0a8e61ea38ab/testbuild/test.cpp.1.o']
err: ../test.cpp:1:10: fatal error: valgrind/valgrind.h: No such file or directory
 #include <valgrind/valgrind.h>
          ^~~~~~~~~~~~~~~~~~~~~
compilation terminated.

from /home/sijia/NFD: Test does not build: Traceback (most recent call last):
  File "/home/sijia/NFD/.waf3-2.0.19-1f3c580272b15a03d2566843c5fe872a/waflib/Configure.py", line 333, in run_build
    bld.compile()
  File "/home/sijia/NFD/.waf3-2.0.19-1f3c580272b15a03d2566843c5fe872a/waflib/Build.py", line 176, in compile
    raise Errors.BuildError(self.producer.error)
waflib.Errors.BuildError: Build failed
 -> task in 'testprog' failed with exit status 1 (run with -v to display more information)

not found
from /home/sijia/NFD: The configuration failed
-------------------------------------------------
Checking for program 'dpkg-architecture'
/usr/bin/dpkg-architecture
find program=['dpkg-architecture'] paths=['/home/sijia/.local/share/umake/bin', '/usr/local/sbin', '/usr/local/bin', '/usr/sbin', '/usr/bin', '/sbin', '/bin', '/usr/games', '/usr/local/games', '/snap/bin'] var='DPKG_ARCHITECTURE' -> ['/usr/bin/dpkg-architecture']
['/usr/bin/dpkg-architecture', '-qDEB_HOST_MULTIARCH']
out: x86_64-linux-gnu

-------------------------------------------------
Checking boost includes
1.65.1
-------------------------------------------------
Checking boost libs
Found the boost path in /usr/lib/x86_64-linux-gnu with the libraries:
    /usr/lib/x86_64-linux-gnu/libboost_atomic.a
    /usr/lib/x86_64-linux-gnu/libboost_atomic.so
    /usr/lib/x86_64-linux-gnu/libboost_atomic.so.1.65.1
    /usr/lib/x86_64-linux-gnu/libboost_chrono.a
    /usr/lib/x86_64-linux-gnu/libboost_chrono.so
    /usr/lib/x86_64-linux-gnu/libboost_chrono.so.1.65.1
    /usr/lib/x86_64-linux-gnu/libboost_container.a
    /usr/lib/x86_64-linux-gnu/libboost_container.so
    /usr/lib/x86_64-linux-gnu/libboost_container.so.1.65.1
    /usr/lib/x86_64-linux-gnu/libboost_context.a
    /usr/lib/x86_64-linux-gnu/libboost_context.so
    /usr/lib/x86_64-linux-gnu/libboost_context.so.1.65.1
    /usr/lib/x86_64-linux-gnu/libboost_coroutine.a
    /usr/lib/x86_64-linux-gnu/libboost_coroutine.so
    /usr/lib/x86_64-linux-gnu/libboost_coroutine.so.1.65.1
    /usr/lib/x86_64-linux-gnu/libboost_date_time.a
    /usr/lib/x86_64-linux-gnu/libboost_date_time.so
    /usr/lib/x86_64-linux-gnu/libboost_date_time.so.1.65.1
    /usr/lib/x86_64-linux-gnu/libboost_exception.a
    /usr/lib/x86_64-linux-gnu/libboost_fiber.a
    /usr/lib/x86_64-linux-gnu/libboost_fiber.so
    /usr/lib/x86_64-linux-gnu/libboost_fiber.so.1.65.1
    /usr/lib/x86_64-linux-gnu/libboost_filesystem.a
    /usr/lib/x86_64-linux-gnu/libboost_filesystem.so
    /usr/lib/x86_64-linux-gnu/libboost_filesystem.so.1.65.1
    /usr/lib/x86_64-linux-gnu/libboost_graph.a
    /usr/lib/x86_64-linux-gnu/libboost_graph.so
    /usr/lib/x86_64-linux-gnu/libboost_graph.so.1.65.1
    /usr/lib/x86_64-linux-gnu/libboost_graph_parallel.a
    /usr/lib/x86_64-linux-gnu/libboost_graph_parallel.so
    /usr/lib/x86_64-linux-gnu/libboost_graph_parallel.so.1.65.1
    /usr/lib/x86_64-linux-gnu/libboost_iostreams.a
    /usr/lib/x86_64-linux-gnu/libboost_iostreams.so
    /usr/lib/x86_64-linux-gnu/libboost_iostreams.so.1.65.1
    /usr/lib/x86_64-linux-gnu/libboost_locale.a
    /usr/lib/x86_64-linux-gnu/libboost_locale.so
    /usr/lib/x86_64-linux-gnu/libboost_locale.so.1.65.1
    /usr/lib/x86_64-linux-gnu/libboost_log.a
    /usr/lib/x86_64-linux-gnu/libboost_log.so
    /usr/lib/x86_64-linux-gnu/libboost_log.so.1.65.1
    /usr/lib/x86_64-linux-gnu/libboost_log_setup.a
    /usr/lib/x86_64-linux-gnu/libboost_log_setup.so
    /usr/lib/x86_64-linux-gnu/libboost_log_setup.so.1.65.1
    /usr/lib/x86_64-linux-gnu/libboost_math_c99.a
    /usr/lib/x86_64-linux-gnu/libboost_math_c99.so
    /usr/lib/x86_64-linux-gnu/libboost_math_c99.so.1.65.1
    /usr/lib/x86_64-linux-gnu/libboost_math_c99f.a
    /usr/lib/x86_64-linux-gnu/libboost_math_c99f.so
    /usr/lib/x86_64-linux-gnu/libboost_math_c99f.so.1.65.1
    /usr/lib/x86_64-linux-gnu/libboost_math_c99l.a
    /usr/lib/x86_64-linux-gnu/libboost_math_c99l.so
    /usr/lib/x86_64-linux-gnu/libboost_math_c99l.so.1.65.1
    /usr/lib/x86_64-linux-gnu/libboost_math_tr1.a
    /usr/lib/x86_64-linux-gnu/libboost_math_tr1.so
    /usr/lib/x86_64-linux-gnu/libboost_math_tr1.so.1.65.1
    /usr/lib/x86_64-linux-gnu/libboost_math_tr1f.a
    /usr/lib/x86_64-linux-gnu/libboost_math_tr1f.so
    /usr/lib/x86_64-linux-gnu/libboost_math_tr1f.so.1.65.1
    /usr/lib/x86_64-linux-gnu/libboost_math_tr1l.a
    /usr/lib/x86_64-linux-gnu/libboost_math_tr1l.so
    /usr/lib/x86_64-linux-gnu/libboost_math_tr1l.so.1.65.1
    /usr/lib/x86_64-linux-gnu/libboost_mpi.a
    /usr/lib/x86_64-linux-gnu/libboost_mpi.so
    /usr/lib/x86_64-linux-gnu/libboost_mpi.so.1.65.1
    /usr/lib/x86_64-linux-gnu/libboost_mpi_python-py27.a
    /usr/lib/x86_64-linux-gnu/libboost_mpi_python-py27.so
    /usr/lib/x86_64-linux-gnu/libboost_mpi_python-py27.so.1.65.1
    /usr/lib/x86_64-linux-gnu/libboost_mpi_python-py36.a
    /usr/lib/x86_64-linux-gnu/libboost_mpi_python-py36.so
    /usr/lib/x86_64-linux-gnu/libboost_mpi_python.a
    /usr/lib/x86_64-linux-gnu/libboost_mpi_python.so
    /usr/lib/x86_64-linux-gnu/libboost_mpi_python3-py36.a
    /usr/lib/x86_64-linux-gnu/libboost_mpi_python3-py36.so
    /usr/lib/x86_64-linux-gnu/libboost_mpi_python3-py36.so.1.65.1
    /usr/lib/x86_64-linux-gnu/libboost_mpi_python3.a
    /usr/lib/x86_64-linux-gnu/libboost_mpi_python3.so
    /usr/lib/x86_64-linux-gnu/libboost_numpy-py27.a
    /usr/lib/x86_64-linux-gnu/libboost_numpy-py27.so
    /usr/lib/x86_64-linux-gnu/libboost_numpy-py27.so.1.65.1
    /usr/lib/x86_64-linux-gnu/libboost_numpy.a
    /usr/lib/x86_64-linux-gnu/libboost_numpy.so
    /usr/lib/x86_64-linux-gnu/libboost_numpy3-py36.a
    /usr/lib/x86_64-linux-gnu/libboost_numpy3-py36.so
    /usr/lib/x86_64-linux-gnu/libboost_numpy3-py36.so.1.65.1
    /usr/lib/x86_64-linux-gnu/libboost_numpy3.a
    /usr/lib/x86_64-linux-gnu/libboost_numpy3.so
    /usr/lib/x86_64-linux-gnu/libboost_prg_exec_monitor.a
    /usr/lib/x86_64-linux-gnu/libboost_prg_exec_monitor.so
    /usr/lib/x86_64-linux-gnu/libboost_prg_exec_monitor.so.1.65.1
    /usr/lib/x86_64-linux-gnu/libboost_program_options.a
    /usr/lib/x86_64-linux-gnu/libboost_program_options.so
    /usr/lib/x86_64-linux-gnu/libboost_program_options.so.1.65.1
    /usr/lib/x86_64-linux-gnu/libboost_python-py27.a
    /usr/lib/x86_64-linux-gnu/libboost_python-py27.so
    /usr/lib/x86_64-linux-gnu/libboost_python-py27.so.1.65.1
    /usr/lib/x86_64-linux-gnu/libboost_python-py36.a
    /usr/lib/x86_64-linux-gnu/libboost_python-py36.so
    /usr/lib/x86_64-linux-gnu/libboost_python.a
    /usr/lib/x86_64-linux-gnu/libboost_python.so
    /usr/lib/x86_64-linux-gnu/libboost_python3-py36.a
    /usr/lib/x86_64-linux-gnu/libboost_python3-py36.so
    /usr/lib/x86_64-linux-gnu/libboost_python3-py36.so.1.65.1
    /usr/lib/x86_64-linux-gnu/libboost_python3.a
    /usr/lib/x86_64-linux-gnu/libboost_python3.so
    /usr/lib/x86_64-linux-gnu/libboost_random.a
    /usr/lib/x86_64-linux-gnu/libboost_random.so
    /usr/lib/x86_64-linux-gnu/libboost_random.so.1.65.1
    /usr/lib/x86_64-linux-gnu/libboost_regex.a
    /usr/lib/x86_64-linux-gnu/libboost_regex.so
    /usr/lib/x86_64-linux-gnu/libboost_regex.so.1.65.1
    /usr/lib/x86_64-linux-gnu/libboost_serialization.a
    /usr/lib/x86_64-linux-gnu/libboost_serialization.so
    /usr/lib/x86_64-linux-gnu/libboost_serialization.so.1.65.1
    /usr/lib/x86_64-linux-gnu/libboost_signals.a
    /usr/lib/x86_64-linux-gnu/libboost_signals.so
    /usr/lib/x86_64-linux-gnu/libboost_signals.so.1.65.1
    /usr/lib/x86_64-linux-gnu/libboost_stacktrace_addr2line.a
    /usr/lib/x86_64-linux-gnu/libboost_stacktrace_addr2line.so
    /usr/lib/x86_64-linux-gnu/libboost_stacktrace_addr2line.so.1.65.1
    /usr/lib/x86_64-linux-gnu/libboost_stacktrace_backtrace.a
    /usr/lib/x86_64-linux-gnu/libboost_stacktrace_backtrace.so
    /usr/lib/x86_64-linux-gnu/libboost_stacktrace_backtrace.so.1.65.1
    /usr/lib/x86_64-linux-gnu/libboost_stacktrace_basic.a
    /usr/lib/x86_64-linux-gnu/libboost_stacktrace_basic.so
    /usr/lib/x86_64-linux-gnu/libboost_stacktrace_basic.so.1.65.1
    /usr/lib/x86_64-linux-gnu/libboost_stacktrace_noop.a
    /usr/lib/x86_64-linux-gnu/libboost_stacktrace_noop.so
    /usr/lib/x86_64-linux-gnu/libboost_stacktrace_noop.so.1.65.1
    /usr/lib/x86_64-linux-gnu/libboost_system.a
    /usr/lib/x86_64-linux-gnu/libboost_system.so
    /usr/lib/x86_64-linux-gnu/libboost_system.so.1.65.1
    /usr/lib/x86_64-linux-gnu/libboost_test_exec_monitor.a
    /usr/lib/x86_64-linux-gnu/libboost_thread.a
    /usr/lib/x86_64-linux-gnu/libboost_thread.so
    /usr/lib/x86_64-linux-gnu/libboost_thread.so.1.65.1
    /usr/lib/x86_64-linux-gnu/libboost_timer.a
    /usr/lib/x86_64-linux-gnu/libboost_timer.so
    /usr/lib/x86_64-linux-gnu/libboost_timer.so.1.65.1
    /usr/lib/x86_64-linux-gnu/libboost_type_erasure.a
    /usr/lib/x86_64-linux-gnu/libboost_type_erasure.so
    /usr/lib/x86_64-linux-gnu/libboost_type_erasure.so.1.65.1
    /usr/lib/x86_64-linux-gnu/libboost_unit_test_framework.a
    /usr/lib/x86_64-linux-gnu/libboost_unit_test_framework.so
    /usr/lib/x86_64-linux-gnu/libboost_unit_test_framework.so.1.65.1
    /usr/lib/x86_64-linux-gnu/libboost_wave.a
    /usr/lib/x86_64-linux-gnu/libboost_wave.so
    /usr/lib/x86_64-linux-gnu/libboost_wave.so.1.65.1
    /usr/lib/x86_64-linux-gnu/libboost_wserialization.a
    /usr/lib/x86_64-linux-gnu/libboost_wserialization.so
    /usr/lib/x86_64-linux-gnu/libboost_wserialization.so.1.65.1
Trying pattern boost_system(-gcc[0-9]{0,3})-mt-1_65_1.so$
Trying pattern boost_system-mt-1_65_1.so$
Trying pattern boost_system(-gcc[0-9]{0,3})-mt.so$
Trying pattern boost_system-mt.so$
Trying pattern boost_system.so$
Found boost lib /usr/lib/x86_64-linux-gnu/libboost_system.so
Trying pattern boost_program_options(-gcc[0-9]{0,3})-mt-1_65_1.so$
Trying pattern boost_program_options-mt-1_65_1.so$
Trying pattern boost_program_options(-gcc[0-9]{0,3})-mt.so$
Trying pattern boost_program_options-mt.so$
Trying pattern boost_program_options.so$
Found boost lib /usr/lib/x86_64-linux-gnu/libboost_program_options.so
Trying pattern boost_filesystem(-gcc[0-9]{0,3})-mt-1_65_1.so$
Trying pattern boost_filesystem-mt-1_65_1.so$
Trying pattern boost_filesystem(-gcc[0-9]{0,3})-mt.so$
Trying pattern boost_filesystem-mt.so$
Trying pattern boost_filesystem.so$
Found boost lib /usr/lib/x86_64-linux-gnu/libboost_filesystem.so
Trying pattern boost_unit_test_framework(-gcc[0-9]{0,3})-mt-1_65_1.so$
Trying pattern boost_unit_test_framework-mt-1_65_1.so$
Trying pattern boost_unit_test_framework(-gcc[0-9]{0,3})-mt.so$
Trying pattern boost_unit_test_framework-mt.so$
Trying pattern boost_unit_test_framework.so$
Found boost lib /usr/lib/x86_64-linux-gnu/libboost_unit_test_framework.so
boost_system boost_program_options boost_filesystem boost_unit_test_framework
-------------------------------------------------
Checking for boost linkage
==>

#include <boost/system/error_code.hpp>
int main() { boost::system::error_code c; }

<==
[1/2] Compiling [32mbuild/.conf_check_595f4e7318450590c0c26e80efd1c5bd/test.cpp[0m

['/usr/bin/g++', '-std=c++14', '-I/usr/include', '-DHAVE_NDN_CXX=1', '-DHAVE_SYSTEMD=1', '-DHAVE_LIBRT=1', '-DHAVE_LIBRESOLV=1', '-DHAVE_PRIVILEGE_DROP_AND_ELEVATE=1', '../test.cpp', '-c', '-o/home/sijia/NFD/build/.conf_check_595f4e7318450590c0c26e80efd1c5bd/testbuild/test.cpp.1.o']
[2/2] Linking [33mbuild/.conf_check_595f4e7318450590c0c26e80efd1c5bd/testbuild/testprog[0m

['/usr/bin/g++', '-fuse-ld=gold', 'test.cpp.1.o', '-o/home/sijia/NFD/build/.conf_check_595f4e7318450590c0c26e80efd1c5bd/testbuild/testprog', '-Wl,-Bstatic', '-L/usr/lib/x86_64-linux-gnu', '-Wl,-Bdynamic', '-L/usr/lib/x86_64-linux-gnu', '-lboost_system', '-lboost_program_options', '-lboost_filesystem', '-lboost_unit_test_framework']
ok
-------------------------------------------------
Checking if Unix sockets are supported
==>

#include <boost/asio/local/basic_endpoint.hpp>
#ifndef BOOST_ASIO_HAS_LOCAL_SOCKETS
#error "Unix sockets are not available on this platform"
#endif

<==
[1/1] Compiling [32mbuild/.conf_check_5f8df6b4fc01a68ac224ff8e3a6a2f15/test.cpp[0m

['/usr/bin/g++', '-std=c++14', '-I/usr/include', '-DHAVE_NDN_CXX=1', '-DHAVE_SYSTEMD=1', '-DHAVE_LIBRT=1', '-DHAVE_LIBRESOLV=1', '-DHAVE_PRIVILEGE_DROP_AND_ELEVATE=1', '../test.cpp', '-c', '-o/home/sijia/NFD/build/.conf_check_5f8df6b4fc01a68ac224ff8e3a6a2f15/testbuild/test.cpp.1.o']
yes
-------------------------------------------------
Checking for libpcap library
==>

int main(int argc, char **argv) {
	(void)argc; (void)argv;
	return 0;
}

<==
[1/2] Compiling [32mbuild/.conf_check_2ca1254207b124d8f5c375fdc0ab40a6/test.cpp[0m

['/usr/bin/g++', '-std=c++14', '-DHAVE_NDN_CXX=1', '-DHAVE_SYSTEMD=1', '-DHAVE_LIBRT=1', '-DHAVE_LIBRESOLV=1', '-DHAVE_PRIVILEGE_DROP_AND_ELEVATE=1', '-DHAVE_UNIX_SOCKETS=1', '../test.cpp', '-c', '-o/home/sijia/NFD/build/.conf_check_2ca1254207b124d8f5c375fdc0ab40a6/testbuild/test.cpp.1.o']
[2/2] Linking [33mbuild/.conf_check_2ca1254207b124d8f5c375fdc0ab40a6/testbuild/testprog[0m

['/usr/bin/g++', '-fuse-ld=gold', 'test.cpp.1.o', '-o/home/sijia/NFD/build/.conf_check_2ca1254207b124d8f5c375fdc0ab40a6/testbuild/testprog', '-Wl,-Bstatic', '-Wl,-Bdynamic', '-lpcap']
yes
-------------------------------------------------
Checking for WebSocket++ includes
0.8.1
-------------------------------------------------
Checking supported CXXFLAGS
==>

int main(int argc, char **argv) {
	(void)argc; (void)argv;
	return 0;
}

<==
[1/2] Compiling [32mbuild/.conf_check_2d323830f8213f5010cd0283cd5aab6a/test.cpp[0m

['/usr/bin/g++', '-std=c++14', '-Werror', '-O2', '-DHAVE_NDN_CXX=1', '-DHAVE_SYSTEMD=1', '-DHAVE_LIBRT=1', '-DHAVE_LIBRESOLV=1', '-DHAVE_PRIVILEGE_DROP_AND_ELEVATE=1', '-DHAVE_UNIX_SOCKETS=1', '-DHAVE_LIBPCAP=1', '-DHAVE_WEBSOCKET=1', '-D_WEBSOCKETPP_CPP11_STL_=1', '../test.cpp', '-c', '-o/home/sijia/NFD/build/.conf_check_2d323830f8213f5010cd0283cd5aab6a/testbuild/test.cpp.1.o']
[2/2] Linking [33mbuild/.conf_check_2d323830f8213f5010cd0283cd5aab6a/testbuild/testprog[0m

['/usr/bin/g++', '-fuse-ld=gold', 'test.cpp.1.o', '-o/home/sijia/NFD/build/.conf_check_2d323830f8213f5010cd0283cd5aab6a/testbuild/testprog', '-Wl,-Bstatic', '-Wl,-Bdynamic']
==>

int main(int argc, char **argv) {
	(void)argc; (void)argv;
	return 0;
}

<==
[1/2] Compiling [32mbuild/.conf_check_d8fd32f623915a83d2b9bc58b1fd90b4/test.cpp[0m

['/usr/bin/g++', '-std=c++14', '-Werror', '-g', '-DHAVE_NDN_CXX=1', '-DHAVE_SYSTEMD=1', '-DHAVE_LIBRT=1', '-DHAVE_LIBRESOLV=1', '-DHAVE_PRIVILEGE_DROP_AND_ELEVATE=1', '-DHAVE_UNIX_SOCKETS=1', '-DHAVE_LIBPCAP=1', '-DHAVE_WEBSOCKET=1', '-D_WEBSOCKETPP_CPP11_STL_=1', '../test.cpp', '-c', '-o/home/sijia/NFD/build/.conf_check_d8fd32f623915a83d2b9bc58b1fd90b4/testbuild/test.cpp.1.o']
[2/2] Linking [33mbuild/.conf_check_d8fd32f623915a83d2b9bc58b1fd90b4/testbuild/testprog[0m

['/usr/bin/g++', '-fuse-ld=gold', 'test.cpp.1.o', '-o/home/sijia/NFD/build/.conf_check_d8fd32f623915a83d2b9bc58b1fd90b4/testbuild/testprog', '-Wl,-Bstatic', '-Wl,-Bdynamic']
==>

int main(int argc, char **argv) {
	(void)argc; (void)argv;
	return 0;
}

<==
[1/2] Compiling [32mbuild/.conf_check_20183fb052dd4b4c86b4ac14a23230b5/test.cpp[0m

['/usr/bin/g++', '-std=c++14', '-Werror', '-pedantic', '-DHAVE_NDN_CXX=1', '-DHAVE_SYSTEMD=1', '-DHAVE_LIBRT=1', '-DHAVE_LIBRESOLV=1', '-DHAVE_PRIVILEGE_DROP_AND_ELEVATE=1', '-DHAVE_UNIX_SOCKETS=1', '-DHAVE_LIBPCAP=1', '-DHAVE_WEBSOCKET=1', '-D_WEBSOCKETPP_CPP11_STL_=1', '../test.cpp', '-c', '-o/home/sijia/NFD/build/.conf_check_20183fb052dd4b4c86b4ac14a23230b5/testbuild/test.cpp.1.o']
[2/2] Linking [33mbuild/.conf_check_20183fb052dd4b4c86b4ac14a23230b5/testbuild/testprog[0m

['/usr/bin/g++', '-fuse-ld=gold', 'test.cpp.1.o', '-o/home/sijia/NFD/build/.conf_check_20183fb052dd4b4c86b4ac14a23230b5/testbuild/testprog', '-Wl,-Bstatic', '-Wl,-Bdynamic']
==>

int main(int argc, char **argv) {
	(void)argc; (void)argv;
	return 0;
}

<==
[1/2] Compiling [32mbuild/.conf_check_3460e356deb611b8010849f0d784ffa8/test.cpp[0m

['/usr/bin/g++', '-std=c++14', '-Werror', '-Wall', '-DHAVE_NDN_CXX=1', '-DHAVE_SYSTEMD=1', '-DHAVE_LIBRT=1', '-DHAVE_LIBRESOLV=1', '-DHAVE_PRIVILEGE_DROP_AND_ELEVATE=1', '-DHAVE_UNIX_SOCKETS=1', '-DHAVE_LIBPCAP=1', '-DHAVE_WEBSOCKET=1', '-D_WEBSOCKETPP_CPP11_STL_=1', '../test.cpp', '-c', '-o/home/sijia/NFD/build/.conf_check_3460e356deb611b8010849f0d784ffa8/testbuild/test.cpp.1.o']
[2/2] Linking [33mbuild/.conf_check_3460e356deb611b8010849f0d784ffa8/testbuild/testprog[0m

['/usr/bin/g++', '-fuse-ld=gold', 'test.cpp.1.o', '-o/home/sijia/NFD/build/.conf_check_3460e356deb611b8010849f0d784ffa8/testbuild/testprog', '-Wl,-Bstatic', '-Wl,-Bdynamic']
==>

int main(int argc, char **argv) {
	(void)argc; (void)argv;
	return 0;
}

<==
[1/2] Compiling [32mbuild/.conf_check_748e12438830f1adcaf15e58be476cff/test.cpp[0m

['/usr/bin/g++', '-std=c++14', '-Werror', '-Wextra', '-DHAVE_NDN_CXX=1', '-DHAVE_SYSTEMD=1', '-DHAVE_LIBRT=1', '-DHAVE_LIBRESOLV=1', '-DHAVE_PRIVILEGE_DROP_AND_ELEVATE=1', '-DHAVE_UNIX_SOCKETS=1', '-DHAVE_LIBPCAP=1', '-DHAVE_WEBSOCKET=1', '-D_WEBSOCKETPP_CPP11_STL_=1', '../test.cpp', '-c', '-o/home/sijia/NFD/build/.conf_check_748e12438830f1adcaf15e58be476cff/testbuild/test.cpp.1.o']
[2/2] Linking [33mbuild/.conf_check_748e12438830f1adcaf15e58be476cff/testbuild/testprog[0m

['/usr/bin/g++', '-fuse-ld=gold', 'test.cpp.1.o', '-o/home/sijia/NFD/build/.conf_check_748e12438830f1adcaf15e58be476cff/testbuild/testprog', '-Wl,-Bstatic', '-Wl,-Bdynamic']
==>

int main(int argc, char **argv) {
	(void)argc; (void)argv;
	return 0;
}

<==
[1/2] Compiling [32mbuild/.conf_check_f2324912f9aac224cd8da0b3f8a72c22/test.cpp[0m

['/usr/bin/g++', '-std=c++14', '-Werror', '-Wcatch-value=2', '-DHAVE_NDN_CXX=1', '-DHAVE_SYSTEMD=1', '-DHAVE_LIBRT=1', '-DHAVE_LIBRESOLV=1', '-DHAVE_PRIVILEGE_DROP_AND_ELEVATE=1', '-DHAVE_UNIX_SOCKETS=1', '-DHAVE_LIBPCAP=1', '-DHAVE_WEBSOCKET=1', '-D_WEBSOCKETPP_CPP11_STL_=1', '../test.cpp', '-c', '-o/home/sijia/NFD/build/.conf_check_f2324912f9aac224cd8da0b3f8a72c22/testbuild/test.cpp.1.o']
err: g++: error: unrecognized command line option â€˜-Wcatch-value=2â€™

from /home/sijia/NFD: Test does not build: Traceback (most recent call last):
  File "/home/sijia/NFD/.waf3-2.0.19-1f3c580272b15a03d2566843c5fe872a/waflib/Configure.py", line 333, in run_build
    bld.compile()
  File "/home/sijia/NFD/.waf3-2.0.19-1f3c580272b15a03d2566843c5fe872a/waflib/Build.py", line 176, in compile
    raise Errors.BuildError(self.producer.error)
waflib.Errors.BuildError: Build failed
 -> task in 'testprog' failed with exit status 1 (run with -v to display more information)

from /home/sijia/NFD: The configuration failed
==>

int main(int argc, char **argv) {
	(void)argc; (void)argv;
	return 0;
}

<==
[1/2] Compiling [32mbuild/.conf_check_896e4c0a4a3161b934b658cca43bb9db/test.cpp[0m

['/usr/bin/g++', '-std=c++14', '-Werror', '-Wextra-semi', '-DHAVE_NDN_CXX=1', '-DHAVE_SYSTEMD=1', '-DHAVE_LIBRT=1', '-DHAVE_LIBRESOLV=1', '-DHAVE_PRIVILEGE_DROP_AND_ELEVATE=1', '-DHAVE_UNIX_SOCKETS=1', '-DHAVE_LIBPCAP=1', '-DHAVE_WEBSOCKET=1', '-D_WEBSOCKETPP_CPP11_STL_=1', '../test.cpp', '-c', '-o/home/sijia/NFD/build/.conf_check_896e4c0a4a3161b934b658cca43bb9db/testbuild/test.cpp.1.o']
err: g++: error: unrecognized command line option â€˜-Wextra-semiâ€™; did you mean â€˜-Wextraâ€™?

from /home/sijia/NFD: Test does not build: Traceback (most recent call last):
  File "/home/sijia/NFD/.waf3-2.0.19-1f3c580272b15a03d2566843c5fe872a/waflib/Configure.py", line 333, in run_build
    bld.compile()
  File "/home/sijia/NFD/.waf3-2.0.19-1f3c580272b15a03d2566843c5fe872a/waflib/Build.py", line 176, in compile
    raise Errors.BuildError(self.producer.error)
waflib.Errors.BuildError: Build failed
 -> task in 'testprog' failed with exit status 1 (run with -v to display more information)

from /home/sijia/NFD: The configuration failed
==>

int main(int argc, char **argv) {
	(void)argc; (void)argv;
	return 0;
}

<==
[1/2] Compiling [32mbuild/.conf_check_3e2273286c74d67c6e3ace5c863bd3e6/test.cpp[0m

['/usr/bin/g++', '-std=c++14', '-Werror', '-Wnon-virtual-dtor', '-DHAVE_NDN_CXX=1', '-DHAVE_SYSTEMD=1', '-DHAVE_LIBRT=1', '-DHAVE_LIBRESOLV=1', '-DHAVE_PRIVILEGE_DROP_AND_ELEVATE=1', '-DHAVE_UNIX_SOCKETS=1', '-DHAVE_LIBPCAP=1', '-DHAVE_WEBSOCKET=1', '-D_WEBSOCKETPP_CPP11_STL_=1', '../test.cpp', '-c', '-o/home/sijia/NFD/build/.conf_check_3e2273286c74d67c6e3ace5c863bd3e6/testbuild/test.cpp.1.o']
[2/2] Linking [33mbuild/.conf_check_3e2273286c74d67c6e3ace5c863bd3e6/testbuild/testprog[0m

['/usr/bin/g++', '-fuse-ld=gold', 'test.cpp.1.o', '-o/home/sijia/NFD/build/.conf_check_3e2273286c74d67c6e3ace5c863bd3e6/testbuild/testprog', '-Wl,-Bstatic', '-Wl,-Bdynamic']
==>

int main(int argc, char **argv) {
	(void)argc; (void)argv;
	return 0;
}

<==
[1/2] Compiling [32mbuild/.conf_check_5ee5a02cd49048f071ca54bdde5ea47f/test.cpp[0m

['/usr/bin/g++', '-std=c++14', '-Werror', '-Wno-unused-parameter', '-DHAVE_NDN_CXX=1', '-DHAVE_SYSTEMD=1', '-DHAVE_LIBRT=1', '-DHAVE_LIBRESOLV=1', '-DHAVE_PRIVILEGE_DROP_AND_ELEVATE=1', '-DHAVE_UNIX_SOCKETS=1', '-DHAVE_LIBPCAP=1', '-DHAVE_WEBSOCKET=1', '-D_WEBSOCKETPP_CPP11_STL_=1', '../test.cpp', '-c', '-o/home/sijia/NFD/build/.conf_check_5ee5a02cd49048f071ca54bdde5ea47f/testbuild/test.cpp.1.o']
[2/2] Linking [33mbuild/.conf_check_5ee5a02cd49048f071ca54bdde5ea47f/testbuild/testprog[0m

['/usr/bin/g++', '-fuse-ld=gold', 'test.cpp.1.o', '-o/home/sijia/NFD/build/.conf_check_5ee5a02cd49048f071ca54bdde5ea47f/testbuild/testprog', '-Wl,-Bstatic', '-Wl,-Bdynamic']
==>

int main(int argc, char **argv) {
	(void)argc; (void)argv;
	return 0;
}

<==
[1/2] Compiling [32mbuild/.conf_check_30bd2cac52c53ef6b411d298d4dbc967/test.cpp[0m

['/usr/bin/g++', '-std=c++14', '-Werror', '-fdiagnostics-color', '-DHAVE_NDN_CXX=1', '-DHAVE_SYSTEMD=1', '-DHAVE_LIBRT=1', '-DHAVE_LIBRESOLV=1', '-DHAVE_PRIVILEGE_DROP_AND_ELEVATE=1', '-DHAVE_UNIX_SOCKETS=1', '-DHAVE_LIBPCAP=1', '-DHAVE_WEBSOCKET=1', '-D_WEBSOCKETPP_CPP11_STL_=1', '../test.cpp', '-c', '-o/home/sijia/NFD/build/.conf_check_30bd2cac52c53ef6b411d298d4dbc967/testbuild/test.cpp.1.o']
[2/2] Linking [33mbuild/.conf_check_30bd2cac52c53ef6b411d298d4dbc967/testbuild/testprog[0m

['/usr/bin/g++', '-fuse-ld=gold', 'test.cpp.1.o', '-o/home/sijia/NFD/build/.conf_check_30bd2cac52c53ef6b411d298d4dbc967/testbuild/testprog', '-Wl,-Bstatic', '-Wl,-Bdynamic']
==>

int main(int argc, char **argv) {
	(void)argc; (void)argv;
	return 0;
}

<==
[1/2] Compiling [32mbuild/.conf_check_565e97d89275f5aea5dd3d86f7180bfb/test.cpp[0m

['/usr/bin/g++', '-std=c++14', '-Werror', '-Wredundant-tags', '-DHAVE_NDN_CXX=1', '-DHAVE_SYSTEMD=1', '-DHAVE_LIBRT=1', '-DHAVE_LIBRESOLV=1', '-DHAVE_PRIVILEGE_DROP_AND_ELEVATE=1', '-DHAVE_UNIX_SOCKETS=1', '-DHAVE_LIBPCAP=1', '-DHAVE_WEBSOCKET=1', '-D_WEBSOCKETPP_CPP11_STL_=1', '../test.cpp', '-c', '-o/home/sijia/NFD/build/.conf_check_565e97d89275f5aea5dd3d86f7180bfb/testbuild/test.cpp.1.o']
err: g++: error: unrecognized command line option â€˜-Wredundant-tagsâ€™; did you mean â€˜-Wredundant-declsâ€™?

from /home/sijia/NFD: Test does not build: Traceback (most recent call last):
  File "/home/sijia/NFD/.waf3-2.0.19-1f3c580272b15a03d2566843c5fe872a/waflib/Configure.py", line 333, in run_build
    bld.compile()
  File "/home/sijia/NFD/.waf3-2.0.19-1f3c580272b15a03d2566843c5fe872a/waflib/Build.py", line 176, in compile
    raise Errors.BuildError(self.producer.error)
waflib.Errors.BuildError: Build failed
 -> task in 'testprog' failed with exit status 1 (run with -v to display more information)

from /home/sijia/NFD: The configuration failed
-O2 -g -pedantic -Wall -Wextra -Wnon-virtual-dtor -Wno-unused-parameter -fdiagnostics-color
-------------------------------------------------
Checking supported LINKFLAGS
==>

int main(int argc, char **argv) {
	(void)argc; (void)argv;
	return 0;
}

<==
[1/2] Compiling [32mbuild/.conf_check_4242a8a6d710b97a0f9dbe637f5bdebc/test.cpp[0m

['/usr/bin/g++', '-O2', '-g', '-pedantic', '-Wall', '-Wextra', '-Wnon-virtual-dtor', '-Wno-unused-parameter', '-fdiagnostics-color', '-std=c++14', '-DHAVE_NDN_CXX=1', '-DHAVE_SYSTEMD=1', '-DHAVE_LIBRT=1', '-DHAVE_LIBRESOLV=1', '-DHAVE_PRIVILEGE_DROP_AND_ELEVATE=1', '-DHAVE_UNIX_SOCKETS=1', '-DHAVE_LIBPCAP=1', '-DHAVE_WEBSOCKET=1', '-D_WEBSOCKETPP_CPP11_STL_=1', '../test.cpp', '-c', '-o/home/sijia/NFD/build/.conf_check_4242a8a6d710b97a0f9dbe637f5bdebc/testbuild/test.cpp.1.o']
[2/2] Linking [33mbuild/.conf_check_4242a8a6d710b97a0f9dbe637f5bdebc/testbuild/testprog[0m

['/usr/bin/g++', '-fuse-ld=gold', '-Werror', '-Wl,-O1', 'test.cpp.1.o', '-o/home/sijia/NFD/build/.conf_check_4242a8a6d710b97a0f9dbe637f5bdebc/testbuild/testprog', '-Wl,-Bstatic', '-Wl,-Bdynamic']
-Wl,-O1
